   Compiling trogdor v0.1.0 (/var/home/maxfridbe/dev/vibecoding/vibe_comgrow_z1_linux)
warning: unused import: `render_outline_btn`
 --> src/ui_manual.rs:7:70
  |
7 | use crate::ui_components::{Section, render_burn_btn, render_jog_btn, render_outline_btn, rend...
  |                                                                      ^^^^^^^^^^^^^^^^^^
  |
  = note: `#[warn(unused_imports)]` (part of `#[warn(unused)]`) on by default

warning: unused import: `crate::styles::*`
 --> src/ui_svg.rs:2:5
  |
2 | use crate::styles::*;
  |     ^^^^^^^^^^^^^^^^

warning: unused import: `crate::virtual_device::VirtualDevice`
 --> src/cli_and_helpers.rs:4:5
  |
4 | use crate::virtual_device::VirtualDevice;
  |     ^^^^^^^^^^^^^^^^^^^^^^^^^^^^^^^^^^^^

warning: unused import: `Mutex`
  --> src/cli_and_helpers.rs:14:22
   |
14 | use std::sync::{Arc, Mutex};
   |                      ^^^^^

warning: unused import: `AppState`
  --> src/cli_and_helpers.rs:15:20
   |
15 | use crate::state::{AppState, SavedState, ImageBurnConfig, TextBurnConfig, BurnConfig, Bounds};
   |                    ^^^^^^^^

warning: unused import: `crate::cli_and_helpers::*`
  --> src/main.rs:32:5
   |
32 | use crate::cli_and_helpers::*;
   |     ^^^^^^^^^^^^^^^^^^^^^^^^^

warning: unused variable: `is_processing`
  --> src/ui_text.rs:26:9
   |
26 |     let is_processing = state.lock().unwrap().is_processing;
   |         ^^^^^^^^^^^^^ help: if this is intentional, prefix it with an underscore: `_is_processing`
   |
   = note: `#[warn(unused_variables)]` (part of `#[warn(unused)]`) on by default

warning: variable does not need to be mutable
   --> src/main.rs:205:9
    |
205 |     let mut sections = vec![
    |         ----^^^^^^^^
    |         |
    |         help: remove this `mut`
    |
    = note: `#[warn(unused_mut)]` (part of `#[warn(unused)]`) on by default

warning: value assigned to `canvas_rect_actual` is never read
   --> src/main.rs:636:38
    |
636 |         let mut canvas_rect_actual = raylib::math::Rectangle::new(0.0, 0.0, 0.0, 0.0);
    |                                      ^^^^^^^^^^^^^^^^^^^^^^^^^^^^^^^^^^^^^^^^^^^^^^^^
    |
    = help: maybe it is overwritten before being read?
    = note: `#[warn(unused_assignments)]` (part of `#[warn(unused)]`) on by default

warning: type alias `Result` is never used
  --> src/error.rs:17:10
   |
17 | pub type Result<T> = std::result::Result<T, TrogdorError>;
   |          ^^^^^^
   |
   = note: `#[warn(dead_code)]` (part of `#[warn(unused)]`) on by default

warning: constant `CTRL_X` is never used
   --> src/gcode.rs:237:11
    |
237 | pub const CTRL_X: &str = "\x18";
    |           ^^^^^^

warning: function `set_grbl_setting` is never used
   --> src/gcode.rs:258:8
    |
258 | pub fn set_grbl_setting(id: u32, value: &str) -> String {
    |        ^^^^^^^^^^^^^^^^

warning: function `move_xyz` is never used
   --> src/gcode.rs:262:8
    |
262 | pub fn move_xyz(x: f32, y: f32, z: f32) -> String {
    |        ^^^^^^^^

warning: function `move_z` is never used
   --> src/gcode.rs:274:8
    |
274 | pub fn move_z(z: f32) -> String {
    |        ^^^^^^

warning: function `move_linear_x` is never used
   --> src/gcode.rs:282:8
    |
282 | pub fn move_linear_x(x: f32) -> String {
    |        ^^^^^^^^^^^^^

warning: function `jog_xy` is never used
   --> src/gcode.rs:314:8
    |
314 | pub fn jog_xy(x: f32, y: f32, f: f32) -> String {
    |        ^^^^^^

warning: function `jog_z` is never used
   --> src/gcode.rs:318:8
    |
318 | pub fn jog_z(z: f32, f: f32) -> String {
    |        ^^^^^

warning: constant `ICON_SQUARE` is never used
  --> src/icons.rs:30:11
   |
30 | pub const ICON_SQUARE: &str = "\u{f096}"; // fa-square-o
   |           ^^^^^^^^^^^

warning: field `s` is never read
  --> src/state.rs:98:9
   |
93 | pub struct PathSegment {
   |            ----------- field in this struct
...
98 |     pub s: f32,
   |         ^
   |
   = note: `PathSegment` has a derived impl for the trait `Clone`, but this is intentionally ignored during dead code analysis

warning: fields `col2_track_height` and `copied_at` are never read
   --> src/state.rs:170:9
    |
161 | pub struct AppState {
    |            -------- fields in this struct
...
170 |     pub col2_track_height: f32,
    |         ^^^^^^^^^^^^^^^^^
...
184 |     pub copied_at: Option<std::time::Instant>,
    |         ^^^^^^^^^

warning: variants `Warning` and `Error` are never constructed
   --> src/state.rs:229:5
    |
227 | pub enum ToastType {
    |          --------- variants in this enum
228 |     Info,
229 |     Warning,
    |     ^^^^^^^
230 |     Error,
    |     ^^^^^
    |
    = note: `ToastType` has derived impls for the traits `Debug` and `Clone`, but these are intentionally ignored during dead code analysis

warning: constant `COLOR_SUCCESS` is never used
 --> src/styles.rs:4:11
  |
4 | pub const COLOR_SUCCESS: Color = Color::u_rgb(34, 197, 94);
  |           ^^^^^^^^^^^^^

warning: constant `COLOR_DANGER` is never used
 --> src/styles.rs:6:11
  |
6 | pub const COLOR_DANGER: Color = Color::u_rgb(220, 38, 38);
  |           ^^^^^^^^^^^^

warning: constant `COLOR_DANGER_DARK` is never used
 --> src/styles.rs:7:11
  |
7 | pub const COLOR_DANGER_DARK: Color = Color::u_rgb(153, 27, 27);
  |           ^^^^^^^^^^^^^^^^^

warning: constant `COLOR_TEXT_BLACK` is never used
  --> src/styles.rs:11:11
   |
11 | pub const COLOR_TEXT_BLACK: Color = Color::u_rgb(0, 0, 0);
   |           ^^^^^^^^^^^^^^^^

warning: constant `COLOR_PORT_TEXT` is never used
  --> src/styles.rs:14:11
   |
14 | pub const COLOR_PORT_TEXT: Color = Color::u_rgb(191, 219, 254);
   |           ^^^^^^^^^^^^^^^

warning: constant `COLOR_WATTAGE_TEXT` is never used
  --> src/styles.rs:15:11
   |
15 | pub const COLOR_WATTAGE_TEXT: Color = Color::u_rgb(216, 180, 254);
   |           ^^^^^^^^^^^^^^^^^^

warning: constant `COLOR_BG_DARKER` is never used
  --> src/styles.rs:25:11
   |
25 | pub const COLOR_BG_DARKER: Color = Color::u_rgb(2, 6, 15);
   |           ^^^^^^^^^^^^^^^

warning: field `cl_preview` is never read
  --> src/theme.rs:23:9
   |
 4 | pub struct Theme {
   |            ----- field in this struct
...
23 |     pub cl_preview: Color,
   |         ^^^^^^^^^^
   |
   = note: `Theme` has derived impls for the traits `Debug` and `Clone`, but these are intentionally ignored during dead code analysis

warning: fields `is_right_down`, `is_right_pressed`, `is_middle_down`, `is_middle_pressed`, and `is_touch` are never read
  --> src/ui_components.rs:22:9
   |
17 | pub struct Interaction {
   |            ----------- fields in this struct
...
22 |     pub is_right_down: bool,
   |         ^^^^^^^^^^^^^
23 |     pub is_right_pressed: bool,
   |         ^^^^^^^^^^^^^^^^
24 |     pub is_middle_down: bool,
   |         ^^^^^^^^^^^^^^
25 |     pub is_middle_pressed: bool,
   |         ^^^^^^^^^^^^^^^^^
26 |     pub is_touch: bool,
   |         ^^^^^^^^

warning: function `render_svg_left_col` is never used
  --> src/ui_svg.rs:10:8
   |
10 | pub fn render_svg_left_col<'a, 'render>(
   |        ^^^^^^^^^^^^^^^^^^^

warning: struct `SafetyGuard` is never constructed
  --> src/cli_and_helpers.rs:19:12
   |
19 | pub struct SafetyGuard {
   |            ^^^^^^^^^^^

warning: method `send_estop` is never used
  --> src/cli_and_helpers.rs:24:12
   |
23 | impl SafetyGuard {
   | ---------------- method in this implementation
24 |     pub fn send_estop(&self) {
   |            ^^^^^^^^^^

warning: function `parse_dimension` is never used
  --> src/cli_and_helpers.rs:49:4
   |
49 | fn parse_dimension(s: &str) -> Result<f32, crate::error::TrogdorError> {
   |    ^^^^^^^^^^^^^^^

warning: function `run_cli_mode` is never used
  --> src/cli_and_helpers.rs:63:8
   |
63 | pub fn run_cli_mode(target_label: &str, _sections: &[Section]) -> Result<(), crate::error::T...
   |        ^^^^^^^^^^^^

warning: function `run_dynamic_pattern_cli` is never used
  --> src/cli_and_helpers.rs:77:8
   |
77 | pub fn run_dynamic_pattern_cli(args: &[OsString]) -> Result<(), crate::error::TrogdorError> {
   |        ^^^^^^^^^^^^^^^^^^^^^^^

warning: function `run_serial_cmd` is never used
   --> src/cli_and_helpers.rs:601:8
    |
601 | pub fn run_serial_cmd(cmd_str: &str, label: &str, _tx: mpsc::Sender<String>, use_virtual: b...
    |        ^^^^^^^^^^^^^^

warning: fields `last_update` and `homing_start_pos` are never read
  --> src/virtual_device.rs:10:9
   |
 4 | pub struct VirtualDevice {
   |            ------------- fields in this struct
...
10 |     pub last_update: Instant,
   |         ^^^^^^^^^^^
...
15 |     pub homing_start_pos: Vector2,
   |         ^^^^^^^^^^^^^^^^

warning: field `is_clockwise` is never read
  --> src/virtual_device.rs:26:9
   |
21 | pub struct ArcData {
   |            ------- field in this struct
...
26 |     pub is_clockwise: bool,
   |         ^^^^^^^^^^^^

warning: `trogdor` (bin "trogdor") generated 39 warnings (run `cargo fix --bin "trogdor" -p trogdor` to apply 8 suggestions)
    Finished `dev` profile [unoptimized + debuginfo] target(s) in 1.58s
     Running `target/debug/trogdor --virtual`
INFO: Initializing raylib 5.6-dev
INFO: Platform backend: DESKTOP (GLFW)
INFO: Supported raylib modules:
INFO:     > rcore:..... loaded (mandatory)
INFO:     > rlgl:...... loaded (mandatory)
INFO:     > rshapes:... loaded (optional)
INFO:     > rtextures:. loaded (optional)
INFO:     > rtext:..... loaded (optional)
INFO:     > rmodels:... loaded (optional)
INFO:     > raudio:.... loaded (optional)
INFO: DISPLAY: Trying to enable VSYNC
INFO: DISPLAY: Device initialized successfully
INFO:     > Display size: 1920 x 1200
INFO:     > Screen size:  1280 x 800
INFO:     > Render size:  1280 x 800
INFO:     > Viewport offsets: 0, 0
INFO: GLAD: OpenGL extensions loaded successfully
INFO: GL: Supported extensions count: 231
INFO: GL: OpenGL device information:
INFO:     > Vendor:   Intel
INFO:     > Renderer: Mesa Intel(R) Iris(R) Plus Graphics (ICL GT2)
INFO:     > Version:  4.6 (Core Profile) Mesa 25.0.7-2
INFO:     > GLSL:     4.60
INFO: GL: VAO extension detected, VAO functions loaded successfully
INFO: GL: NPOT textures extension detected, full NPOT textures supported
INFO: GL: DXT compressed textures supported
INFO: GL: ETC2/EAC compressed textures supported
INFO: PLATFORM: DESKTOP (GLFW - X11): Initialized successfully
INFO: TEXTURE: [ID 1] Texture loaded successfully (1x1 | R8G8B8A8 | 1 mipmaps)
INFO: TEXTURE: [ID 1] Default texture loaded successfully
INFO: SHADER: [ID 1] Vertex shader compiled successfully
INFO: SHADER: [ID 2] Fragment shader compiled successfully
INFO: SHADER: [ID 3] Program shader loaded successfully
INFO: SHADER: [ID 3] Default shader loaded successfully
INFO: RLGL: Render batch vertex buffers loaded successfully in RAM (CPU)
INFO: RLGL: Render batch vertex buffers loaded successfully in VRAM (GPU)
INFO: RLGL: Default OpenGL state initialized successfully
INFO: TEXTURE: [ID 2] Texture loaded successfully (128x128 | GRAY_ALPHA | 1 mipmaps)
INFO: FONT: Default font loaded successfully (224 glyphs)
INFO: SYSTEM: Working Directory: /var/home/maxfridbe/dev/vibecoding/vibe_comgrow_z1_linux
INFO: TIMER: Target time per frame: 16.667 milliseconds
INFO: TEXTURE: [ID 3] Texture loaded successfully (2048x1024 | GRAY_ALPHA | 1 mipmaps)
INFO: FONT: Data loaded successfully (112 pixel size | 187 glyphs)
INFO: TEXTURE: [ID 4] Texture loaded successfully (2000x2000 | R8G8B8A8 | 1 mipmaps)
INFO: TEXTURE: [ID 1] Depth renderbuffer loaded successfully (32 bits)
INFO: FBO: [ID 1] Framebuffer object created successfully
